2023-11-21 10:37:26.859  INFO 9580 --- [main] f.g.FacturaElectronicaServiceApplication : Starting FacturaElectronicaServiceApplication using Java 17.0.8 on DESKTOP-69T41TI with PID 9580 (C:\Users\Perilla Acosta\Documents\ProyectoIQ\oa-factura-electronica-service\target\classes started by Perilla Acosta in C:\Users\Perilla Acosta\Documents\ProyectoIQ\oa-factura-electronica-service)
2023-11-21 10:37:26.892  INFO 9580 --- [main] f.g.FacturaElectronicaServiceApplication : The following 1 profile is active: "prod"
2023-11-21 10:37:38.413  WARN 9580 --- [main] JpaBaseConfiguration$JpaWebConfiguration : spring.jpa.open-in-view is enabled by default. Therefore, database queries may be performed during view rendering. Explicitly configure spring.jpa.open-in-view to disable this warning
2023-11-21 10:37:39.570  WARN 9580 --- [main] o.s.b.a.batch.JpaBatchConfigurer         : JPA does not support custom isolation levels, so locks may not be taken when launching Jobs. To silence this warning, set 'spring.batch.jdbc.isolation-level-for-create' to 'default'.
2023-11-21 10:37:40.639  INFO 9580 --- [main] f.g.FacturaElectronicaServiceApplication : Started FacturaElectronicaServiceApplication in 15.721 seconds (JVM running for 17.828)
2023-11-21 10:45:33.649  INFO 11984 --- [main] f.g.FacturaElectronicaServiceApplication : Starting FacturaElectronicaServiceApplication using Java 11.0.17 on DESKTOP-69T41TI with PID 11984 (C:\Users\Perilla Acosta\Documents\ProyectoIQ\oa-factura-electronica-service\target\classes started by Perilla Acosta in C:\Users\Perilla Acosta\Documents\ProyectoIQ\oa-factura-electronica-service)
2023-11-21 10:45:33.658  INFO 11984 --- [main] f.g.FacturaElectronicaServiceApplication : The following 1 profile is active: "prod"
2023-11-21 10:45:50.483  WARN 11984 --- [main] JpaBaseConfiguration$JpaWebConfiguration : spring.jpa.open-in-view is enabled by default. Therefore, database queries may be performed during view rendering. Explicitly configure spring.jpa.open-in-view to disable this warning
2023-11-21 10:45:52.425  WARN 11984 --- [main] o.s.b.a.batch.JpaBatchConfigurer         : JPA does not support custom isolation levels, so locks may not be taken when launching Jobs. To silence this warning, set 'spring.batch.jdbc.isolation-level-for-create' to 'default'.
2023-11-21 10:45:53.833  INFO 11984 --- [main] f.g.FacturaElectronicaServiceApplication : Started FacturaElectronicaServiceApplication in 22.167 seconds (JVM running for 24.551)
2023-11-21 10:53:39.954  INFO 7020 --- [main] f.g.FacturaElectronicaServiceApplication : Starting FacturaElectronicaServiceApplication using Java 11.0.17 on DESKTOP-69T41TI with PID 7020 (C:\Users\Perilla Acosta\Documents\ProyectoIQ\oa-factura-electronica-service\target\classes started by Perilla Acosta in C:\Users\Perilla Acosta\Documents\ProyectoIQ\oa-factura-electronica-service)
2023-11-21 10:53:39.964 DEBUG 7020 --- [main] f.g.FacturaElectronicaServiceApplication : Running with Spring Boot v2.7.6, Spring v5.3.24
2023-11-21 10:53:39.973  INFO 7020 --- [main] f.g.FacturaElectronicaServiceApplication : The following 1 profile is active: "local"
2023-11-21 10:53:45.382  INFO 7020 --- [main] .s.d.r.c.RepositoryConfigurationDelegate : Bootstrapping Spring Data JPA repositories in DEFAULT mode.
2023-11-21 10:53:45.456  INFO 7020 --- [main] .s.d.r.c.RepositoryConfigurationDelegate : Finished Spring Data repository scanning in 29 ms. Found 0 JPA repository interfaces.
2023-11-21 10:53:48.248  INFO 7020 --- [main] o.s.b.w.embedded.tomcat.TomcatWebServer  : Tomcat initialized with port(s): 8283 (http)
2023-11-21 10:53:48.327  INFO 7020 --- [main] o.a.coyote.http11.Http11NioProtocol      : Initializing ProtocolHandler ["http-nio-8283"]
2023-11-21 10:53:48.329  INFO 7020 --- [main] o.apache.catalina.core.StandardService   : Starting service [Tomcat]
2023-11-21 10:53:48.330  INFO 7020 --- [main] org.apache.catalina.core.StandardEngine  : Starting Servlet engine: [Apache Tomcat/9.0.69]
2023-11-21 10:53:48.936  INFO 7020 --- [main] o.a.c.c.C.[Tomcat].[localhost].[/]       : Initializing Spring embedded WebApplicationContext
2023-11-21 10:53:48.937  INFO 7020 --- [main] w.s.c.ServletWebServerApplicationContext : Root WebApplicationContext: initialization completed in 8726 ms
2023-11-21 10:53:49.087  INFO 7020 --- [main] com.zaxxer.hikari.HikariDataSource       : HikariPool-1 - Starting...
2023-11-21 10:53:50.113  INFO 7020 --- [main] com.zaxxer.hikari.HikariDataSource       : HikariPool-1 - Start completed.
2023-11-21 10:53:50.160  INFO 7020 --- [main] com.zaxxer.hikari.HikariDataSource       : HikariPool-2 - Starting...
2023-11-21 10:53:51.659  INFO 7020 --- [main] com.zaxxer.hikari.HikariDataSource       : HikariPool-2 - Start completed.
2023-11-21 10:53:51.667  INFO 7020 --- [main] o.s.b.a.h2.H2ConsoleAutoConfiguration    : H2 console available at '/h2-console'. Databases available at 'jdbc:h2:mem:mydb', 'jdbc:postgresql://150.136.114.58:5432/bdlegados'
2023-11-21 10:53:52.533  INFO 7020 --- [main] o.hibernate.jpa.internal.util.LogHelper  : HHH000204: Processing PersistenceUnitInfo [name: default]
2023-11-21 10:53:52.728  INFO 7020 --- [main] org.hibernate.Version                    : HHH000412: Hibernate ORM core version 5.6.14.Final
2023-11-21 10:53:53.585  INFO 7020 --- [main] o.hibernate.annotations.common.Version   : HCANN000001: Hibernate Commons Annotations {5.1.2.Final}
2023-11-21 10:53:54.083  INFO 7020 --- [main] org.hibernate.dialect.Dialect            : HHH000400: Using dialect: org.hibernate.dialect.H2Dialect
2023-11-21 10:53:54.922  INFO 7020 --- [main] o.h.e.t.j.p.i.JtaPlatformInitiator       : HHH000490: Using JtaPlatform implementation: [org.hibernate.engine.transaction.jta.platform.internal.NoJtaPlatform]
2023-11-21 10:53:54.956  INFO 7020 --- [main] j.LocalContainerEntityManagerFactoryBean : Initialized JPA EntityManagerFactory for persistence unit 'default'
2023-11-21 10:53:56.147  WARN 7020 --- [main] JpaBaseConfiguration$JpaWebConfiguration : spring.jpa.open-in-view is enabled by default. Therefore, database queries may be performed during view rendering. Explicitly configure spring.jpa.open-in-view to disable this warning
2023-11-21 10:53:56.899  INFO 7020 --- [main] pertySourcedRequestMappingHandlerMapping : Mapped URL path [/v2/api-docs] onto method [springfox.documentation.swagger2.web.Swagger2Controller#getDocumentation(String, HttpServletRequest)]
2023-11-21 10:53:57.712  WARN 7020 --- [main] o.s.b.a.batch.JpaBatchConfigurer         : JPA does not support custom isolation levels, so locks may not be taken when launching Jobs. To silence this warning, set 'spring.batch.jdbc.isolation-level-for-create' to 'default'.
2023-11-21 10:53:57.724  INFO 7020 --- [main] o.s.b.c.r.s.JobRepositoryFactoryBean     : No database type set, using meta data indicating: H2
2023-11-21 10:53:57.846  INFO 7020 --- [main] o.s.b.c.l.support.SimpleJobLauncher      : No TaskExecutor has been set, defaulting to synchronous executor.
2023-11-21 10:53:58.312  INFO 7020 --- [main] o.a.coyote.http11.Http11NioProtocol      : Starting ProtocolHandler ["http-nio-8283"]
2023-11-21 10:53:58.391  INFO 7020 --- [main] o.s.b.w.embedded.tomcat.TomcatWebServer  : Tomcat started on port(s): 8283 (http) with context path ''
2023-11-21 10:53:58.393  INFO 7020 --- [main] d.s.w.p.DocumentationPluginsBootstrapper : Context refreshed
2023-11-21 10:53:58.450  INFO 7020 --- [main] d.s.w.p.DocumentationPluginsBootstrapper : Found 1 custom documentation plugin(s)
2023-11-21 10:53:58.595  INFO 7020 --- [main] s.d.s.w.s.ApiListingReferenceScanner     : Scanning for api listing references
2023-11-21 10:53:59.419  INFO 7020 --- [main] f.g.FacturaElectronicaServiceApplication : Started FacturaElectronicaServiceApplication in 21.334 seconds (JVM running for 23.212)
2023-11-21 10:55:06.897  INFO 7020 --- [http-nio-8283-exec-1] o.a.c.c.C.[Tomcat].[localhost].[/]       : Initializing Spring DispatcherServlet 'dispatcherServlet'
2023-11-21 10:55:06.902  INFO 7020 --- [http-nio-8283-exec-1] o.s.web.servlet.DispatcherServlet        : Initializing Servlet 'dispatcherServlet'
2023-11-21 10:55:06.914  INFO 7020 --- [http-nio-8283-exec-1] o.s.web.servlet.DispatcherServlet        : Completed initialization in 11 ms
2023-11-21 10:55:07.961  INFO 7020 --- [http-nio-8283-exec-1] o.s.b.c.l.support.SimpleJobLauncher      : Job: [SimpleJob: [name=GenerateFacturaElectronica]] launched with the following parameters: [{txtFilePath=/tmp, request={"head":[{"trxNumber":"191115","nombreEmisor":"LAMITECH S.A.S.","nitEmisor":860522056,"emisorDireccion":"VIA MAMONAL KM 13","emisorDpto":"BOLIVAR","fechaCreacion":"2023-10-18 15:12:33","emisorCiudad":"CARTAGENA","codDptoEmisor":"13","codCiudadEmisor":"1313001","emisorPais":"CO","fechaDocu":"2023-10-18","nitCliente":"8301033301","ccNatural":"830103330","subtotal":175000.0,"tipoCfd":"22","ordenCompra":"RES-4932","monedaDocu":"COP","fechaVencimiento":"2023-10-18","codVendedor":24,"nombreVendedor":"Blanca Jaqueline Yepes Gonzalez","totalFactura":208250.0,"docuEmisor":"860522056-2","trm":1.0,"mailEnvio":"830103330_2@recepciondefacturas.co;admon@lamicentrogalufer.com","digitoVerificacion":"1","razonReferencia":"5 NC Otros","codReferencia":"5","billTo":{"partyName":"LAMICENTRO GALUFER \u0026 CIA SAS","city":"BOGOTA DC","address1":"AC 161 22 04","state":"BOGOTA DC","country":"CO","infoBillTo":{"attribute2":"31","attribute8":"J"},"codDptoReceptor":"11","codCiudadReceptor":"11001","monedaImp":"COP"},"detalle":[{"descripcion":"PERFIL CANTO CYPRESS 1490 MT 2MMX45MM","cantidad":50.0,"unidadDian":"MTR","precio":3500.0,"subtotalLinea":175000.0,"lineaCodArticulo":"1P1490C02S45","detaImp":{"TaxRate":19.0,"tax":"CO_IVA","taxAmt":-33250.0,"unroundedTaxAmt":33250.0}}],"headImp":[{"totImp":33250.0,"porcImp":19.0,"taxableAmt":-175000.0,"tax":"CO_IVA","unroundedTaxAmt":"33250"}],"aplica":[{"trxNumberRelated":"179554","cufeRelated":"1abc265641c5ffc8bc58b65d4e02cf17347b9de188f93671229cd803bff652d68be2e26256e6026f332aed3d638460c8","trxDateRelated":"2023-09-04"}],"customerTransactionId":"300000956626706"}],"compania":{"nombre":"LAM_UNIDAD_NEGOCIO","tipo":"N","codigoPostal":"110111","codigoMunicipio":"110111","regimen":"O-13;O-15","responsabilidad":"O-13;O-15","email":"ggonzalez@oadmin.com","abreviatura":"LAM"}}, txtFilename=FacturaElectronica.txt, encoding=UTF-8, timekey=1700582107729}]
2023-11-21 10:55:08.119  INFO 7020 --- [http-nio-8283-exec-1] o.s.batch.core.job.SimpleStepHandler     : Executing step: [Step1.GenerarArchivo]
2023-11-21 10:55:08.937  INFO 7020 --- [http-nio-8283-exec-1] o.s.batch.core.step.AbstractStep         : Step: [Step1.GenerarArchivo] executed in 810ms
2023-11-21 10:55:08.948  INFO 7020 --- [http-nio-8283-exec-1] o.s.b.c.l.support.SimpleJobLauncher      : Job: [SimpleJob: [name=GenerateFacturaElectronica]] completed with the following parameters: [{txtFilePath=/tmp, request={"head":[{"trxNumber":"191115","nombreEmisor":"LAMITECH S.A.S.","nitEmisor":860522056,"emisorDireccion":"VIA MAMONAL KM 13","emisorDpto":"BOLIVAR","fechaCreacion":"2023-10-18 15:12:33","emisorCiudad":"CARTAGENA","codDptoEmisor":"13","codCiudadEmisor":"1313001","emisorPais":"CO","fechaDocu":"2023-10-18","nitCliente":"8301033301","ccNatural":"830103330","subtotal":175000.0,"tipoCfd":"22","ordenCompra":"RES-4932","monedaDocu":"COP","fechaVencimiento":"2023-10-18","codVendedor":24,"nombreVendedor":"Blanca Jaqueline Yepes Gonzalez","totalFactura":208250.0,"docuEmisor":"860522056-2","trm":1.0,"mailEnvio":"830103330_2@recepciondefacturas.co;admon@lamicentrogalufer.com","digitoVerificacion":"1","razonReferencia":"5 NC Otros","codReferencia":"5","billTo":{"partyName":"LAMICENTRO GALUFER \u0026 CIA SAS","city":"BOGOTA DC","address1":"AC 161 22 04","state":"BOGOTA DC","country":"CO","infoBillTo":{"attribute2":"31","attribute8":"J"},"codDptoReceptor":"11","codCiudadReceptor":"11001","monedaImp":"COP"},"detalle":[{"descripcion":"PERFIL CANTO CYPRESS 1490 MT 2MMX45MM","cantidad":50.0,"unidadDian":"MTR","precio":3500.0,"subtotalLinea":175000.0,"lineaCodArticulo":"1P1490C02S45","detaImp":{"TaxRate":19.0,"tax":"CO_IVA","taxAmt":-33250.0,"unroundedTaxAmt":33250.0}}],"headImp":[{"totImp":33250.0,"porcImp":19.0,"taxableAmt":-175000.0,"tax":"CO_IVA","unroundedTaxAmt":"33250"}],"aplica":[{"trxNumberRelated":"179554","cufeRelated":"1abc265641c5ffc8bc58b65d4e02cf17347b9de188f93671229cd803bff652d68be2e26256e6026f332aed3d638460c8","trxDateRelated":"2023-09-04"}],"customerTransactionId":"300000956626706"}],"compania":{"nombre":"LAM_UNIDAD_NEGOCIO","tipo":"N","codigoPostal":"110111","codigoMunicipio":"110111","regimen":"O-13;O-15","responsabilidad":"O-13;O-15","email":"ggonzalez@oadmin.com","abreviatura":"LAM"}}, txtFilename=FacturaElectronica.txt, encoding=UTF-8, timekey=1700582107729}] and the following status: [COMPLETED] in 885ms
2023-11-21 14:17:25.808  WARN 7020 --- [HikariPool-1 housekeeper] com.zaxxer.hikari.pool.HikariPool        : HikariPool-1 - Thread starvation or clock leap detected (housekeeper delta=1h14m3s806ms796µs900ns).
2023-11-21 14:17:27.021  WARN 7020 --- [HikariPool-2 housekeeper] com.zaxxer.hikari.pool.HikariPool        : HikariPool-2 - Thread starvation or clock leap detected (housekeeper delta=1h14m3s825ms850µs500ns).
2023-11-21 14:41:23.839  INFO 7020 --- [SpringApplicationShutdownHook] j.LocalContainerEntityManagerFactoryBean : Closing JPA EntityManagerFactory for persistence unit 'default'
2023-11-21 14:41:23.859  INFO 7020 --- [SpringApplicationShutdownHook] .SchemaDropperImpl$DelayedDropActionImpl : HHH000477: Starting delayed evictData of schema as part of SessionFactory shut-down'
2023-11-21 14:41:23.876  INFO 7020 --- [SpringApplicationShutdownHook] com.zaxxer.hikari.HikariDataSource       : HikariPool-2 - Shutdown initiated...
2023-11-21 14:41:23.902  INFO 7020 --- [SpringApplicationShutdownHook] com.zaxxer.hikari.HikariDataSource       : HikariPool-2 - Shutdown completed.
2023-11-21 14:41:23.904  INFO 7020 --- [SpringApplicationShutdownHook] com.zaxxer.hikari.HikariDataSource       : HikariPool-1 - Shutdown initiated...
2023-11-21 14:41:23.912  INFO 7020 --- [SpringApplicationShutdownHook] com.zaxxer.hikari.HikariDataSource       : HikariPool-1 - Shutdown completed.
