2023-12-13 11:03:54.500  INFO 2404 --- [SpringApplicationShutdownHook] j.LocalContainerEntityManagerFactoryBean : Closing JPA EntityManagerFactory for persistence unit 'default'
2023-12-13 11:03:54.588  INFO 2404 --- [SpringApplicationShutdownHook] .SchemaDropperImpl$DelayedDropActionImpl : HHH000477: Starting delayed evictData of schema as part of SessionFactory shut-down'
2023-12-13 11:03:54.668  INFO 2404 --- [SpringApplicationShutdownHook] com.zaxxer.hikari.HikariDataSource       : HikariPool-2 - Shutdown initiated...
2023-12-13 11:03:54.752  INFO 2404 --- [SpringApplicationShutdownHook] com.zaxxer.hikari.HikariDataSource       : HikariPool-2 - Shutdown completed.
2023-12-13 11:03:54.757  INFO 2404 --- [SpringApplicationShutdownHook] com.zaxxer.hikari.HikariDataSource       : HikariPool-1 - Shutdown initiated...
2023-12-13 11:03:54.765  INFO 2404 --- [SpringApplicationShutdownHook] com.zaxxer.hikari.HikariDataSource       : HikariPool-1 - Shutdown completed.
2023-12-13 11:04:25.312  INFO 10276 --- [main] f.g.FacturaElectronicaServiceApplication : Starting FacturaElectronicaServiceApplication using Java 11.0.17 on DESKTOP-69T41TI with PID 10276 (C:\Users\Perilla Acosta\Documents\ProyectoIQ\oa-factura-electronica-service\target\classes started by Perilla Acosta in C:\Users\Perilla Acosta\Documents\ProyectoIQ\oa-factura-electronica-service)
2023-12-13 11:04:25.318 DEBUG 10276 --- [main] f.g.FacturaElectronicaServiceApplication : Running with Spring Boot v2.7.6, Spring v5.3.24
2023-12-13 11:04:25.319  INFO 10276 --- [main] f.g.FacturaElectronicaServiceApplication : The following 1 profile is active: "local"
2023-12-13 11:04:28.877  INFO 10276 --- [main] .s.d.r.c.RepositoryConfigurationDelegate : Bootstrapping Spring Data JPA repositories in DEFAULT mode.
2023-12-13 11:04:28.941  INFO 10276 --- [main] .s.d.r.c.RepositoryConfigurationDelegate : Finished Spring Data repository scanning in 32 ms. Found 0 JPA repository interfaces.
2023-12-13 11:04:31.790  INFO 10276 --- [main] o.s.b.w.embedded.tomcat.TomcatWebServer  : Tomcat initialized with port(s): 8283 (http)
2023-12-13 11:04:31.895  INFO 10276 --- [main] o.a.coyote.http11.Http11NioProtocol      : Initializing ProtocolHandler ["http-nio-8283"]
2023-12-13 11:04:31.896  INFO 10276 --- [main] o.apache.catalina.core.StandardService   : Starting service [Tomcat]
2023-12-13 11:04:31.897  INFO 10276 --- [main] org.apache.catalina.core.StandardEngine  : Starting Servlet engine: [Apache Tomcat/9.0.69]
2023-12-13 11:04:32.761  INFO 10276 --- [main] o.a.c.c.C.[Tomcat].[localhost].[/]       : Initializing Spring embedded WebApplicationContext
2023-12-13 11:04:32.762  INFO 10276 --- [main] w.s.c.ServletWebServerApplicationContext : Root WebApplicationContext: initialization completed in 7192 ms
2023-12-13 11:04:32.929  INFO 10276 --- [main] com.zaxxer.hikari.HikariDataSource       : HikariPool-1 - Starting...
2023-12-13 11:04:33.798  INFO 10276 --- [main] com.zaxxer.hikari.HikariDataSource       : HikariPool-1 - Start completed.
2023-12-13 11:04:33.869  INFO 10276 --- [main] com.zaxxer.hikari.HikariDataSource       : HikariPool-2 - Starting...
2023-12-13 11:04:35.342  INFO 10276 --- [main] com.zaxxer.hikari.HikariDataSource       : HikariPool-2 - Start completed.
2023-12-13 11:04:35.349  INFO 10276 --- [main] o.s.b.a.h2.H2ConsoleAutoConfiguration    : H2 console available at '/h2-console'. Databases available at 'jdbc:h2:mem:mydb', 'jdbc:postgresql://150.136.114.58:5432/bdlegados'
2023-12-13 11:04:36.046  INFO 10276 --- [main] o.hibernate.jpa.internal.util.LogHelper  : HHH000204: Processing PersistenceUnitInfo [name: default]
2023-12-13 11:04:36.264  INFO 10276 --- [main] org.hibernate.Version                    : HHH000412: Hibernate ORM core version 5.6.14.Final
2023-12-13 11:04:36.812  INFO 10276 --- [main] o.hibernate.annotations.common.Version   : HCANN000001: Hibernate Commons Annotations {5.1.2.Final}
2023-12-13 11:04:37.238  INFO 10276 --- [main] org.hibernate.dialect.Dialect            : HHH000400: Using dialect: org.hibernate.dialect.H2Dialect
2023-12-13 11:04:37.831  INFO 10276 --- [main] o.h.e.t.j.p.i.JtaPlatformInitiator       : HHH000490: Using JtaPlatform implementation: [org.hibernate.engine.transaction.jta.platform.internal.NoJtaPlatform]
2023-12-13 11:04:37.846  INFO 10276 --- [main] j.LocalContainerEntityManagerFactoryBean : Initialized JPA EntityManagerFactory for persistence unit 'default'
2023-12-13 11:04:38.904  WARN 10276 --- [main] JpaBaseConfiguration$JpaWebConfiguration : spring.jpa.open-in-view is enabled by default. Therefore, database queries may be performed during view rendering. Explicitly configure spring.jpa.open-in-view to disable this warning
2023-12-13 11:04:39.503  INFO 10276 --- [main] pertySourcedRequestMappingHandlerMapping : Mapped URL path [/v2/api-docs] onto method [springfox.documentation.swagger2.web.Swagger2Controller#getDocumentation(String, HttpServletRequest)]
2023-12-13 11:04:40.299  WARN 10276 --- [main] o.s.b.a.batch.JpaBatchConfigurer         : JPA does not support custom isolation levels, so locks may not be taken when launching Jobs. To silence this warning, set 'spring.batch.jdbc.isolation-level-for-create' to 'default'.
2023-12-13 11:04:40.320  INFO 10276 --- [main] o.s.b.c.r.s.JobRepositoryFactoryBean     : No database type set, using meta data indicating: H2
2023-12-13 11:04:40.400  INFO 10276 --- [main] o.s.b.c.l.support.SimpleJobLauncher      : No TaskExecutor has been set, defaulting to synchronous executor.
2023-12-13 11:04:40.809  INFO 10276 --- [main] o.a.coyote.http11.Http11NioProtocol      : Starting ProtocolHandler ["http-nio-8283"]
2023-12-13 11:04:40.863  INFO 10276 --- [main] o.s.b.w.embedded.tomcat.TomcatWebServer  : Tomcat started on port(s): 8283 (http) with context path ''
2023-12-13 11:04:40.865  INFO 10276 --- [main] d.s.w.p.DocumentationPluginsBootstrapper : Context refreshed
2023-12-13 11:04:40.938  INFO 10276 --- [main] d.s.w.p.DocumentationPluginsBootstrapper : Found 1 custom documentation plugin(s)
2023-12-13 11:04:41.012  INFO 10276 --- [main] s.d.s.w.s.ApiListingReferenceScanner     : Scanning for api listing references
2023-12-13 11:04:41.597  INFO 10276 --- [main] f.g.FacturaElectronicaServiceApplication : Started FacturaElectronicaServiceApplication in 18.248 seconds (JVM running for 19.886)
2023-12-13 11:11:32.808  INFO 10276 --- [http-nio-8283-exec-2] o.a.c.c.C.[Tomcat].[localhost].[/]       : Initializing Spring DispatcherServlet 'dispatcherServlet'
2023-12-13 11:11:32.810  INFO 10276 --- [http-nio-8283-exec-2] o.s.web.servlet.DispatcherServlet        : Initializing Servlet 'dispatcherServlet'
2023-12-13 11:11:32.820  INFO 10276 --- [http-nio-8283-exec-2] o.s.web.servlet.DispatcherServlet        : Completed initialization in 9 ms
2023-12-13 11:11:34.276  INFO 10276 --- [http-nio-8283-exec-2] o.s.b.c.l.support.SimpleJobLauncher      : Job: [SimpleJob: [name=GenerateFacturaElectronica]] launched with the following parameters: [{txtFilePath=/tmp, request={"head":[{"trxNumber":"28239","nombreEmisor":"IMAGE QUALITY OUTSOURCING S.A.S.","nitEmisor":830039329,"emisorDireccion":"IQ ALLIANZ CRA 13 A 29 24 P 7 Bogota, Bogota D.C","emisorDpto":"BOGOTA DC","fechaCreacion":"2023-12-13 09:20:09","emisorCiudad":"BOGOTA DC","codDptoEmisor":"11","codCiudadEmisor":"1111001","emisorPais":"CO","diasPago":30,"fechaDocu":"2023-12-13","nitCliente":"8600261825","ccNatural":"860026182","subtotal":2266100.76,"tipoCfd":"01","monedaDocu":"COP","fechaVencimiento":"2024-01-12","totalFactura":2606015.88,"pedido":"PRB23B1","docuEmisor":"830039329-8","trm":1.0,"digitoVerificacion":"5","billTo":{"partyName":"ALLIANZ SEGUROS S.A.","city":"BOGOTA DC","address1":"TORRE ALIANZ CRA 13 A NO.29-24PISO 10 SUR","state":"BOGOTA DC","country":"CO","infoBillTo":{"attribute2":"31","attribute8":"J"},"codDptoReceptor":"11","codCiudadReceptor":"11001","monedaImp":"COP"},"columna142":"2023-PROD-FAC-28239","detalle":[{"descripcion":"CANJE ENVIADO","cantidad":2.0,"unidadDian":"94","precio":750100.25,"subtotalLinea":1500200.5,"lineaCodArticulo":"CANJE ENVIADO","IvaLinea":285038.1,"TaxRate":19.0,"Tax":"CO_IVA"},{"descripcion":"IQS_AUDITORIA_MEDICA","cantidad":1.0,"unidadDian":"94","precio":765900.26,"subtotalLinea":765900.26,"lineaCodArticulo":"IQS_AUDITORIA_MEDICA","IvaLinea":145521.05,"TaxRate":19.0,"Tax":"CO_IVA"}],"headImp":[{"totImp":430559.0,"porcImp":19.0,"taxableAmt":2266100.76,"tax":"CO_IVA","unroundedTaxAmt":"430559.15"}],"customerTransactionId":"300000960248001","observaciones":" "}],"compania":{"nombre":"IQS_UNIDAD_NEGOCIO","tipo":"N","codigoPostal":"110111","codigoMunicipio":"110111","regimen":"O-13;O-15","responsabilidad":"O-13;O-15","email":"ggonzalez@oadmin.com","abreviatura":"IQS"}}, txtFilename=FacturaElectronica.txt, encoding=UTF-8, timekey=1702483894052}]
2023-12-13 11:11:34.397  INFO 10276 --- [http-nio-8283-exec-2] o.s.batch.core.job.SimpleStepHandler     : Executing step: [Step1.GenerarArchivo]
2023-12-13 11:11:35.187  INFO 10276 --- [http-nio-8283-exec-2] o.s.batch.core.step.AbstractStep         : Step: [Step1.GenerarArchivo] executed in 785ms
2023-12-13 11:11:35.208  INFO 10276 --- [http-nio-8283-exec-2] o.s.b.c.l.support.SimpleJobLauncher      : Job: [SimpleJob: [name=GenerateFacturaElectronica]] completed with the following parameters: [{txtFilePath=/tmp, request={"head":[{"trxNumber":"28239","nombreEmisor":"IMAGE QUALITY OUTSOURCING S.A.S.","nitEmisor":830039329,"emisorDireccion":"IQ ALLIANZ CRA 13 A 29 24 P 7 Bogota, Bogota D.C","emisorDpto":"BOGOTA DC","fechaCreacion":"2023-12-13 09:20:09","emisorCiudad":"BOGOTA DC","codDptoEmisor":"11","codCiudadEmisor":"1111001","emisorPais":"CO","diasPago":30,"fechaDocu":"2023-12-13","nitCliente":"8600261825","ccNatural":"860026182","subtotal":2266100.76,"tipoCfd":"01","monedaDocu":"COP","fechaVencimiento":"2024-01-12","totalFactura":2606015.88,"pedido":"PRB23B1","docuEmisor":"830039329-8","trm":1.0,"digitoVerificacion":"5","billTo":{"partyName":"ALLIANZ SEGUROS S.A.","city":"BOGOTA DC","address1":"TORRE ALIANZ CRA 13 A NO.29-24PISO 10 SUR","state":"BOGOTA DC","country":"CO","infoBillTo":{"attribute2":"31","attribute8":"J"},"codDptoReceptor":"11","codCiudadReceptor":"11001","monedaImp":"COP"},"columna142":"2023-PROD-FAC-28239","detalle":[{"descripcion":"CANJE ENVIADO","cantidad":2.0,"unidadDian":"94","precio":750100.25,"subtotalLinea":1500200.5,"lineaCodArticulo":"CANJE ENVIADO","IvaLinea":285038.1,"TaxRate":19.0,"Tax":"CO_IVA"},{"descripcion":"IQS_AUDITORIA_MEDICA","cantidad":1.0,"unidadDian":"94","precio":765900.26,"subtotalLinea":765900.26,"lineaCodArticulo":"IQS_AUDITORIA_MEDICA","IvaLinea":145521.05,"TaxRate":19.0,"Tax":"CO_IVA"}],"headImp":[{"totImp":430559.0,"porcImp":19.0,"taxableAmt":2266100.76,"tax":"CO_IVA","unroundedTaxAmt":"430559.15"}],"customerTransactionId":"300000960248001","observaciones":" "}],"compania":{"nombre":"IQS_UNIDAD_NEGOCIO","tipo":"N","codigoPostal":"110111","codigoMunicipio":"110111","regimen":"O-13;O-15","responsabilidad":"O-13;O-15","email":"ggonzalez@oadmin.com","abreviatura":"IQS"}}, txtFilename=FacturaElectronica.txt, encoding=UTF-8, timekey=1702483894052}] and the following status: [COMPLETED] in 848ms
2023-12-13 11:32:58.748  INFO 10276 --- [SpringApplicationShutdownHook] j.LocalContainerEntityManagerFactoryBean : Closing JPA EntityManagerFactory for persistence unit 'default'
2023-12-13 11:32:58.780  INFO 10276 --- [SpringApplicationShutdownHook] .SchemaDropperImpl$DelayedDropActionImpl : HHH000477: Starting delayed evictData of schema as part of SessionFactory shut-down'
2023-12-13 11:32:58.816  INFO 10276 --- [SpringApplicationShutdownHook] com.zaxxer.hikari.HikariDataSource       : HikariPool-2 - Shutdown initiated...
2023-12-13 11:32:58.843  INFO 10276 --- [SpringApplicationShutdownHook] com.zaxxer.hikari.HikariDataSource       : HikariPool-2 - Shutdown completed.
2023-12-13 11:32:58.852  INFO 10276 --- [SpringApplicationShutdownHook] com.zaxxer.hikari.HikariDataSource       : HikariPool-1 - Shutdown initiated...
2023-12-13 11:32:58.864  INFO 10276 --- [SpringApplicationShutdownHook] com.zaxxer.hikari.HikariDataSource       : HikariPool-1 - Shutdown completed.
